<?xml version="1.0" encoding="UTF-8"?>
<!-- Generated by org.testng.reporters.JUnitReportReporter -->
<testsuite hostname="HUUNGHIA" failures="0" tests="3" name="com.poly.test_resultExcel.SaveTestNGtoResultExcel" time="2.023" errors="0" timestamp="2024-04-21T00:36:20 ICT" skipped="0">
  <testcase classname="com.poly.test_resultExcel.SaveTestNGtoResultExcel" name="launchWebsite" time="0.739"/>
  <system-out/>
  <testcase classname="com.poly.test_resultExcel.SaveTestNGtoResultExcel" name="fillLoginDetail" time="1.203"/>
  <system-out/>
  <testcase classname="com.poly.test_resultExcel.SaveTestNGtoResultExcel" name="doLogin" time="0.081"/>
  <system-out/>
</testsuite> <!-- com.poly.test_resultExcel.SaveTestNGtoResultExcel -->
